Fitter report for tt
Mon Apr 29 11:50:25 2024
Quartus II Version 9.1 Build 304 01/25/2010 Service Pack 1 SJ Web Edition


---------------------
; Table of Contents ;
---------------------
  1. Legal Notice
  2. Fitter Summary
  3. Fitter Settings
  4. Parallel Compilation
  5. Pin-Out File
  6. Fitter Resource Usage Summary
  7. Input Pins
  8. Output Pins
  9. All Package Pins
 10. I/O Standard
 11. Dedicated Inputs I/O
 12. Output Pin Default Load For Reported TCO
 13. Fitter Resource Utilization by Entity
 14. Control Signals
 15. Global & Other Fast Signals
 16. Non-Global High Fan-Out Signals
 17. Interconnect Usage Summary
 18. LAB Macrocells
 19. Logic Cell Interconnection
 20. Fitter Device Options
 21. Fitter Messages



----------------
; Legal Notice ;
----------------
Copyright (C) 1991-2010 Altera Corporation
Your use of Altera Corporation's design tools, logic functions 
and other software and tools, and its AMPP partner logic 
functions, and any output files from any of the foregoing 
(including device programming or simulation files), and any 
associated documentation or information are expressly subject 
to the terms and conditions of the Altera Program License 
Subscription Agreement, Altera MegaCore Function License 
Agreement, or other applicable license agreement, including, 
without limitation, that your use is for the sole purpose of 
programming logic devices manufactured by Altera and sold by 
Altera or its authorized distributors.  Please refer to the 
applicable agreement for further details.



+----------------------------------------------------------------------+
; Fitter Summary                                                       ;
+-----------------------+----------------------------------------------+
; Fitter Status         ; Successful - Mon Apr 29 11:50:25 2024        ;
; Quartus II Version    ; 9.1 Build 304 01/25/2010 SP 1 SJ Web Edition ;
; Revision Name         ; tt                                           ;
; Top-level Entity Name ; tt                                           ;
; Family                ; MAX3000A                                     ;
; Device                ; EPM3064ALC44-10                              ;
; Timing Models         ; Final                                        ;
; Total macrocells      ; 24 / 64 ( 38 % )                             ;
; Total pins            ; 17 / 34 ( 50 % )                             ;
+-----------------------+----------------------------------------------+


+--------------------------------------------------------------------------------------------------------------+
; Fitter Settings                                                                                              ;
+----------------------------------------------------------------------------+-----------------+---------------+
; Option                                                                     ; Setting         ; Default Value ;
+----------------------------------------------------------------------------+-----------------+---------------+
; Device                                                                     ; EPM3064ALC44-10 ;               ;
; Use smart compilation                                                      ; Off             ; Off           ;
; Enable parallel Assembler and TimeQuest Timing Analyzer during compilation ; On              ; On            ;
; Enable compact report table                                                ; Off             ; Off           ;
; Use TimeQuest Timing Analyzer                                              ; Off             ; Off           ;
; Optimize Timing for ECOs                                                   ; Off             ; Off           ;
; Regenerate full fit report during ECO compiles                             ; Off             ; Off           ;
; Optimize IOC Register Placement for Timing                                 ; On              ; On            ;
; Limit to One Fitting Attempt                                               ; Off             ; Off           ;
; Fitter Initial Placement Seed                                              ; 1               ; 1             ;
; Slow Slew Rate                                                             ; Off             ; Off           ;
; Fitter Effort                                                              ; Auto Fit        ; Auto Fit      ;
; Force Fitter to Avoid Periphery Placement Warnings                         ; Off             ; Off           ;
; Use Best Effort Settings for Compilation                                   ; Off             ; Off           ;
+----------------------------------------------------------------------------+-----------------+---------------+


Parallel compilation was disabled, but you have multiple processors available. Enable parallel compilation to reduce compilation time.
+-------------------------------------+
; Parallel Compilation                ;
+----------------------------+--------+
; Processors                 ; Number ;
+----------------------------+--------+
; Number detected on machine ; 8      ;
; Maximum allowed            ; 1      ;
+----------------------------+--------+


+--------------+
; Pin-Out File ;
+--------------+
The pin-out file can be found in C:/Users/Gary/Desktop/Vue/Verilog_LevelB_technician_DigitalElectronics_No.2/tt.pin.


+-------------------------------------------------------------------------+
; Fitter Resource Usage Summary                                           ;
+-----------------------------------+-------------------------------------+
; Resource                          ; Usage                               ;
+-----------------------------------+-------------------------------------+
; Logic cells                       ; 24 / 64 ( 38 % )                    ;
; Registers                         ; 23 / 64 ( 36 % )                    ;
; Number of pterms used             ; 36                                  ;
; User inserted logic elements      ; 0                                   ;
; I/O pins                          ; 17 / 34 ( 50 % )                    ;
;     -- Clock pins                 ; 1 / 2 ( 50 % )                      ;
;     -- Dedicated input pins       ; 0 / 2 ( 0 % )                       ;
; Global signals                    ; 1                                   ;
; Shareable expanders               ; 0 / 64 ( 0 % )                      ;
; Parallel expanders                ; 0 / 60 ( 0 % )                      ;
; Cells using turbo bit             ; 24 / 64 ( 38 % )                    ;
; Maximum fan-out node              ; clk                                 ;
; Maximum fan-out                   ; 12                                  ;
; Highest non-global fan-out signal ; lpm_counter:frequency_rtl_0|dffs[0] ;
; Highest non-global fan-out        ; 11                                  ;
; Total fan-out                     ; 127                                 ;
; Average fan-out                   ; 3.10                                ;
+-----------------------------------+-------------------------------------+


+---------------------------------------------------------------------------------------------------------------------------+
; Input Pins                                                                                                                ;
+------+-------+----------+-----+-----------------------+--------------------+--------+--------------+----------------------+
; Name ; Pin # ; I/O Bank ; LAB ; Combinational Fan-Out ; Registered Fan-Out ; Global ; I/O Standard ; Location assigned by ;
+------+-------+----------+-----+-----------------------+--------------------+--------+--------------+----------------------+
; clk  ; 43    ; --       ; --  ; 12                    ; 0                  ; yes    ; 3.3-V LVTTL  ; User                 ;
+------+-------+----------+-----+-----------------------+--------------------+--------+--------------+----------------------+


+--------------------------------------------------------------------------------------------------------------------------------------------------------------------------------------------+
; Output Pins                                                                                                                                                                                ;
+--------+-------+----------+-----+-----------------+----------------+------------+---------------+--------------+----------------------+-------+----------------------+---------------------+
; Name   ; Pin # ; I/O Bank ; LAB ; Output Register ; Slow Slew Rate ; Open Drain ; TRI Primitive ; I/O Standard ; Location assigned by ; Load  ; Output Enable Source ; Output Enable Group ;
+--------+-------+----------+-----+-----------------+----------------+------------+---------------+--------------+----------------------+-------+----------------------+---------------------+
; seg[0] ; 26    ; --       ; 3   ; no              ; no             ; no         ; no            ; 3.3-V LVTTL  ; User                 ; 10 pF ; -                    ; -                   ;
; seg[1] ; 24    ; --       ; 3   ; no              ; no             ; no         ; no            ; 3.3-V LVTTL  ; User                 ; 10 pF ; -                    ; -                   ;
; seg[2] ; 31    ; --       ; 3   ; no              ; no             ; no         ; no            ; 3.3-V LVTTL  ; User                 ; 10 pF ; -                    ; -                   ;
; seg[3] ; 28    ; --       ; 3   ; no              ; no             ; no         ; no            ; 3.3-V LVTTL  ; User                 ; 10 pF ; -                    ; -                   ;
; seg[4] ; 27    ; --       ; 3   ; no              ; no             ; no         ; no            ; 3.3-V LVTTL  ; User                 ; 10 pF ; -                    ; -                   ;
; seg[5] ; 25    ; --       ; 3   ; no              ; no             ; no         ; no            ; 3.3-V LVTTL  ; User                 ; 10 pF ; -                    ; -                   ;
; seg[6] ; 29    ; --       ; 3   ; no              ; no             ; no         ; no            ; 3.3-V LVTTL  ; User                 ; 10 pF ; -                    ; -                   ;
; seg[7] ; 4     ; --       ; 1   ; no              ; no             ; no         ; no            ; 3.3-V LVTTL  ; User                 ; 10 pF ; -                    ; -                   ;
; way[0] ; 5     ; --       ; 1   ; no              ; no             ; no         ; no            ; 3.3-V LVTTL  ; User                 ; 10 pF ; -                    ; -                   ;
; way[1] ; 6     ; --       ; 1   ; no              ; no             ; no         ; no            ; 3.3-V LVTTL  ; User                 ; 10 pF ; -                    ; -                   ;
; way[2] ; 8     ; --       ; 1   ; no              ; no             ; no         ; no            ; 3.3-V LVTTL  ; User                 ; 10 pF ; -                    ; -                   ;
; way[3] ; 9     ; --       ; 1   ; no              ; no             ; no         ; no            ; 3.3-V LVTTL  ; User                 ; 10 pF ; -                    ; -                   ;
+--------+-------+----------+-----+-----------------+----------------+------------+---------------+--------------+----------------------+-------+----------------------+---------------------+


+-------------------------------------------------------------------------------------------------------+
; All Package Pins                                                                                      ;
+----------+------------+----------+----------------+--------+--------------+---------+-----------------+
; Location ; Pad Number ; I/O Bank ; Pin Name/Usage ; Dir.   ; I/O Standard ; Voltage ; User Assignment ;
+----------+------------+----------+----------------+--------+--------------+---------+-----------------+
; 1        ; 0          ; --       ; GND+           ;        ;              ;         ;                 ;
; 2        ; 1          ; --       ; GND+           ;        ;              ;         ;                 ;
; 3        ; 2          ; --       ; VCCINT         ; power  ;              ; 3.3V    ;                 ;
; 4        ; 3          ; --       ; seg[7]         ; output ; 3.3-V LVTTL  ;         ; Y               ;
; 5        ; 4          ; --       ; way[0]         ; output ; 3.3-V LVTTL  ;         ; Y               ;
; 6        ; 5          ; --       ; way[1]         ; output ; 3.3-V LVTTL  ;         ; Y               ;
; 7        ; 6          ; --       ; TDI            ; input  ; 3.3-V LVTTL  ;         ; N               ;
; 8        ; 7          ; --       ; way[2]         ; output ; 3.3-V LVTTL  ;         ; Y               ;
; 9        ; 8          ; --       ; way[3]         ; output ; 3.3-V LVTTL  ;         ; Y               ;
; 10       ; 9          ; --       ; GND            ; gnd    ;              ;         ;                 ;
; 11       ; 10         ; --       ; RESERVED       ;        ;              ;         ;                 ;
; 12       ; 11         ; --       ; RESERVED       ;        ;              ;         ;                 ;
; 13       ; 12         ; --       ; TMS            ; input  ; 3.3-V LVTTL  ;         ; N               ;
; 14       ; 13         ; --       ; RESERVED       ;        ;              ;         ;                 ;
; 15       ; 14         ; --       ; VCCIO          ; power  ;              ; 3.3V    ;                 ;
; 16       ; 15         ; --       ; RESERVED       ;        ;              ;         ;                 ;
; 17       ; 16         ; --       ; GND            ; gnd    ;              ;         ;                 ;
; 18       ; 17         ; --       ; RESERVED       ;        ;              ;         ;                 ;
; 19       ; 18         ; --       ; RESERVED       ;        ;              ;         ;                 ;
; 20       ; 19         ; --       ; RESERVED       ;        ;              ;         ;                 ;
; 21       ; 20         ; --       ; RESERVED       ;        ;              ;         ;                 ;
; 22       ; 21         ; --       ; GND            ; gnd    ;              ;         ;                 ;
; 23       ; 22         ; --       ; VCCINT         ; power  ;              ; 3.3V    ;                 ;
; 24       ; 23         ; --       ; seg[1]         ; output ; 3.3-V LVTTL  ;         ; Y               ;
; 25       ; 24         ; --       ; seg[5]         ; output ; 3.3-V LVTTL  ;         ; Y               ;
; 26       ; 25         ; --       ; seg[0]         ; output ; 3.3-V LVTTL  ;         ; Y               ;
; 27       ; 26         ; --       ; seg[4]         ; output ; 3.3-V LVTTL  ;         ; Y               ;
; 28       ; 27         ; --       ; seg[3]         ; output ; 3.3-V LVTTL  ;         ; Y               ;
; 29       ; 28         ; --       ; seg[6]         ; output ; 3.3-V LVTTL  ;         ; Y               ;
; 30       ; 29         ; --       ; GND            ; gnd    ;              ;         ;                 ;
; 31       ; 30         ; --       ; seg[2]         ; output ; 3.3-V LVTTL  ;         ; Y               ;
; 32       ; 31         ; --       ; TCK            ; input  ; 3.3-V LVTTL  ;         ; N               ;
; 33       ; 32         ; --       ; RESERVED       ;        ;              ;         ;                 ;
; 34       ; 33         ; --       ; RESERVED       ;        ;              ;         ;                 ;
; 35       ; 34         ; --       ; VCCIO          ; power  ;              ; 3.3V    ;                 ;
; 36       ; 35         ; --       ; GND            ; gnd    ;              ;         ;                 ;
; 37       ; 36         ; --       ; RESERVED       ;        ;              ;         ;                 ;
; 38       ; 37         ; --       ; TDO            ; output ; 3.3-V LVTTL  ;         ; N               ;
; 39       ; 38         ; --       ; RESERVED       ;        ;              ;         ;                 ;
; 40       ; 39         ; --       ; RESERVED       ;        ;              ;         ;                 ;
; 41       ; 40         ; --       ; RESERVED       ;        ;              ;         ;                 ;
; 42       ; 41         ; --       ; GND            ; gnd    ;              ;         ;                 ;
; 43       ; 42         ; --       ; clk            ; input  ; 3.3-V LVTTL  ;         ; Y               ;
; 44       ; 43         ; --       ; GND+           ;        ;              ;         ;                 ;
+----------+------------+----------+----------------+--------+--------------+---------+-----------------+
Note: Pin directions (input, output or bidir) are based on device operating in user mode.


+--------------------------------------------------------------------------------------------------+
; I/O Standard                                                                                     ;
+--------------+------------+----------------------+-------------------+-------------------+-------+
; I/O Standard ; Input Vref ; Dedicated Input Pins ; Pins in I/O Bank1 ; Pins in I/O Bank2 ; Total ;
+--------------+------------+----------------------+-------------------+-------------------+-------+
; 3.3-V LVTTL  ; -          ; 1                    ; 0                 ; 0                 ; 1     ;
+--------------+------------+----------------------+-------------------+-------------------+-------+


+--------------------------------------------------------------------+
; Dedicated Inputs I/O                                               ;
+------+-------+-------+-------+--------------+------------+---------+
; Name ; Pin # ; Type  ; VCCIO ; I/O Standard ; Input Vref ; Current ;
+------+-------+-------+-------+--------------+------------+---------+
; clk  ; 43    ; Input ; --    ; 3.3-V LVTTL  ; -          ; 0 mA    ;
+------+-------+-------+-------+--------------+------------+---------+


+-----------------------------------------------+
; Output Pin Default Load For Reported TCO      ;
+--------------+-------+------------------------+
; I/O Standard ; Load  ; Termination Resistance ;
+--------------+-------+------------------------+
; 3.3-V LVTTL  ; 10 pF ; Not Available          ;
; 3.3-V LVCMOS ; 10 pF ; Not Available          ;
; 3.3-V PCI    ; 10 pF ; 25 Ohm (Parallel)      ;
; 2.5 V        ; 10 pF ; Not Available          ;
+--------------+-------+------------------------+
Note: User assignments will override these defaults. The user specified values are listed in the Output Pins and Bidir Pins tables.


+-------------------------------------------------------------------------------------------------------+
; Fitter Resource Utilization by Entity                                                                 ;
+----------------------------------+------------+------+---------------------------------+--------------+
; Compilation Hierarchy Node       ; Macrocells ; Pins ; Full Hierarchy Name             ; Library Name ;
+----------------------------------+------------+------+---------------------------------+--------------+
; |tt                              ; 24         ; 17   ; |tt                             ; work         ;
;    |lpm_counter:frequency_rtl_0| ; 12         ; 0    ; |tt|lpm_counter:frequency_rtl_0 ; work         ;
+----------------------------------+------------+------+---------------------------------+--------------+


+----------------------------------------------------------------------------------------------------------------------+
; Control Signals                                                                                                      ;
+--------------------------------------+----------+---------+-------+--------+----------------------+------------------+
; Name                                 ; Location ; Fan-Out ; Usage ; Global ; Global Resource Used ; Global Line Name ;
+--------------------------------------+----------+---------+-------+--------+----------------------+------------------+
; clk                                  ; PIN_43   ; 12      ; Clock ; yes    ; On                   ; --               ;
; lpm_counter:frequency_rtl_0|dffs[11] ; LC18     ; 11      ; Clock ; no     ; --                   ; --               ;
+--------------------------------------+----------+---------+-------+--------+----------------------+------------------+


+---------------------------------------------------------------------+
; Global & Other Fast Signals                                         ;
+------+----------+---------+----------------------+------------------+
; Name ; Location ; Fan-Out ; Global Resource Used ; Global Line Name ;
+------+----------+---------+----------------------+------------------+
; clk  ; PIN_43   ; 12      ; On                   ; --               ;
+------+----------+---------+----------------------+------------------+


+------------------------------------------------+
; Non-Global High Fan-Out Signals                ;
+--------------------------------------+---------+
; Name                                 ; Fan-Out ;
+--------------------------------------+---------+
; lpm_counter:frequency_rtl_0|dffs[11] ; 11      ;
; lpm_counter:frequency_rtl_0|dffs[0]  ; 11      ;
; way[0]~reg0                          ; 10      ;
; way[1]~reg0                          ; 10      ;
; lpm_counter:frequency_rtl_0|dffs[1]  ; 10      ;
; way[2]~reg0                          ; 9       ;
; lpm_counter:frequency_rtl_0|dffs[2]  ; 9       ;
; lpm_counter:frequency_rtl_0|dffs[3]  ; 8       ;
; lpm_counter:frequency_rtl_0|dffs[4]  ; 7       ;
; lpm_counter:frequency_rtl_0|dffs[5]  ; 6       ;
; lpm_counter:frequency_rtl_0|dffs[6]  ; 5       ;
; lpm_counter:frequency_rtl_0|dffs[7]  ; 4       ;
; lpm_counter:frequency_rtl_0|dffs[8]  ; 3       ;
; lpm_counter:frequency_rtl_0|dffs[9]  ; 2       ;
; ~VCC~0                               ; 1       ;
; seg[4]~reg0                          ; 1       ;
; seg[3]~reg0                          ; 1       ;
; seg[2]~reg0                          ; 1       ;
; seg[0]~reg0                          ; 1       ;
; seg[5]~reg0                          ; 1       ;
; seg[7]~reg0                          ; 1       ;
; seg[1]~reg0                          ; 1       ;
; way[3]~reg0                          ; 1       ;
; lpm_counter:frequency_rtl_0|dffs[10] ; 1       ;
+--------------------------------------+---------+


+------------------------------------------------+
; Interconnect Usage Summary                     ;
+----------------------------+-------------------+
; Interconnect Resource Type ; Usage             ;
+----------------------------+-------------------+
; Output enables             ; 0 / 6 ( 0 % )     ;
; PIA buffers                ; 19 / 144 ( 13 % ) ;
+----------------------------+-------------------+


+----------------------------------------------------------------------+
; LAB Macrocells                                                       ;
+----------------------------------------+-----------------------------+
; Number of Macrocells  (Average = 6.00) ; Number of LABs  (Total = 3) ;
+----------------------------------------+-----------------------------+
; 0                                      ; 1                           ;
; 1                                      ; 0                           ;
; 2                                      ; 0                           ;
; 3                                      ; 0                           ;
; 4                                      ; 0                           ;
; 5                                      ; 1                           ;
; 6                                      ; 0                           ;
; 7                                      ; 1                           ;
; 8                                      ; 0                           ;
; 9                                      ; 0                           ;
; 10                                     ; 0                           ;
; 11                                     ; 0                           ;
; 12                                     ; 1                           ;
+----------------------------------------+-----------------------------+


+--------------------------------------------------------------------------------------------------------------------------------------------------------------------------------------------------------------------------------------------------------------------------------------------------------------------------------------------------------------------------------------------------------------------------------------------------------------------------------------------------------------------------------------------------------------------------------------------------------------------------------------------------------------------------------------------------------------------------------------------------------------------------------------------------------------------------------------------------------------------------+
; Logic Cell Interconnection                                                                                                                                                                                                                                                                                                                                                                                                                                                                                                                                                                                                                                                                                                                                                                                                                                               ;
+-----+------------+-----------------------------------------------------------------------------------------------------------------------------------------------------------------------------------------------------------------------------------------------------------------------------------------------------------------------------------------------------------------------------------------------------------------------------+-------------------------------------------------------------------------------------------------------------------------------------------------------------------------------------------------------------------------------------------------------------------------------------------------------------------------------------------------------------------------------------------------------------------------+
; LAB ; Logic Cell ; Input                                                                                                                                                                                                                                                                                                                                                                                                                       ; Output                                                                                                                                                                                                                                                                                                                                                                                                                  ;
+-----+------------+-----------------------------------------------------------------------------------------------------------------------------------------------------------------------------------------------------------------------------------------------------------------------------------------------------------------------------------------------------------------------------------------------------------------------------+-------------------------------------------------------------------------------------------------------------------------------------------------------------------------------------------------------------------------------------------------------------------------------------------------------------------------------------------------------------------------------------------------------------------------+
;  A  ; LC11       ; way[0]~reg0, lpm_counter:frequency_rtl_0|dffs[11]                                                                                                                                                                                                                                                                                                                                                                           ; way[2]~reg0, way[1], seg[1]~reg0, seg[7]~reg0, way[0]~reg0, seg[5]~reg0, seg[0]~reg0, seg[2]~reg0, seg[3]~reg0, seg[4]~reg0                                                                                                                                                                                                                                                                                             ;
;  A  ; LC5        ; way[1]~reg0, lpm_counter:frequency_rtl_0|dffs[11]                                                                                                                                                                                                                                                                                                                                                                           ; way[3]~reg0, way[2], seg[1]~reg0, seg[7]~reg0, way[0]~reg0, seg[5]~reg0, seg[0]~reg0, seg[3]~reg0, seg[4]~reg0                                                                                                                                                                                                                                                                                                          ;
;  A  ; LC4        ; way[2]~reg0, lpm_counter:frequency_rtl_0|dffs[11]                                                                                                                                                                                                                                                                                                                                                                           ; way[3]                                                                                                                                                                                                                                                                                                                                                                                                                  ;
;  A  ; LC16       ; way[2]~reg0, way[0]~reg0, way[1]~reg0, lpm_counter:frequency_rtl_0|dffs[11]                                                                                                                                                                                                                                                                                                                                                 ; seg[7]                                                                                                                                                                                                                                                                                                                                                                                                                  ;
;  A  ; LC14       ; way[2]~reg0, way[0]~reg0, way[1]~reg0, lpm_counter:frequency_rtl_0|dffs[11]                                                                                                                                                                                                                                                                                                                                                 ; way[1]~reg0, seg[1]~reg0, seg[7]~reg0, way[0]~reg0, seg[5]~reg0, way[0], seg[0]~reg0, seg[2]~reg0, seg[3]~reg0, seg[4]~reg0                                                                                                                                                                                                                                                                                             ;
;  B  ; LC32       ; clk                                                                                                                                                                                                                                                                                                                                                                                                                         ; lpm_counter:frequency_rtl_0|dffs[1], lpm_counter:frequency_rtl_0|dffs[2], lpm_counter:frequency_rtl_0|dffs[3], lpm_counter:frequency_rtl_0|dffs[4], lpm_counter:frequency_rtl_0|dffs[5], lpm_counter:frequency_rtl_0|dffs[6], lpm_counter:frequency_rtl_0|dffs[7], lpm_counter:frequency_rtl_0|dffs[8], lpm_counter:frequency_rtl_0|dffs[9], lpm_counter:frequency_rtl_0|dffs[10], lpm_counter:frequency_rtl_0|dffs[11] ;
;  B  ; LC21       ; clk, lpm_counter:frequency_rtl_0|dffs[0]                                                                                                                                                                                                                                                                                                                                                                                    ; lpm_counter:frequency_rtl_0|dffs[2], lpm_counter:frequency_rtl_0|dffs[3], lpm_counter:frequency_rtl_0|dffs[4], lpm_counter:frequency_rtl_0|dffs[5], lpm_counter:frequency_rtl_0|dffs[6], lpm_counter:frequency_rtl_0|dffs[7], lpm_counter:frequency_rtl_0|dffs[8], lpm_counter:frequency_rtl_0|dffs[9], lpm_counter:frequency_rtl_0|dffs[10], lpm_counter:frequency_rtl_0|dffs[11]                                      ;
;  B  ; LC25       ; clk, lpm_counter:frequency_rtl_0|dffs[1], lpm_counter:frequency_rtl_0|dffs[0]                                                                                                                                                                                                                                                                                                                                               ; lpm_counter:frequency_rtl_0|dffs[3], lpm_counter:frequency_rtl_0|dffs[4], lpm_counter:frequency_rtl_0|dffs[5], lpm_counter:frequency_rtl_0|dffs[6], lpm_counter:frequency_rtl_0|dffs[7], lpm_counter:frequency_rtl_0|dffs[8], lpm_counter:frequency_rtl_0|dffs[9], lpm_counter:frequency_rtl_0|dffs[10], lpm_counter:frequency_rtl_0|dffs[11]                                                                           ;
;  B  ; LC29       ; clk, lpm_counter:frequency_rtl_0|dffs[1], lpm_counter:frequency_rtl_0|dffs[0], lpm_counter:frequency_rtl_0|dffs[2]                                                                                                                                                                                                                                                                                                          ; lpm_counter:frequency_rtl_0|dffs[4], lpm_counter:frequency_rtl_0|dffs[5], lpm_counter:frequency_rtl_0|dffs[6], lpm_counter:frequency_rtl_0|dffs[7], lpm_counter:frequency_rtl_0|dffs[8], lpm_counter:frequency_rtl_0|dffs[9], lpm_counter:frequency_rtl_0|dffs[10], lpm_counter:frequency_rtl_0|dffs[11]                                                                                                                ;
;  B  ; LC30       ; clk, lpm_counter:frequency_rtl_0|dffs[1], lpm_counter:frequency_rtl_0|dffs[0], lpm_counter:frequency_rtl_0|dffs[2], lpm_counter:frequency_rtl_0|dffs[3]                                                                                                                                                                                                                                                                     ; lpm_counter:frequency_rtl_0|dffs[5], lpm_counter:frequency_rtl_0|dffs[6], lpm_counter:frequency_rtl_0|dffs[7], lpm_counter:frequency_rtl_0|dffs[8], lpm_counter:frequency_rtl_0|dffs[9], lpm_counter:frequency_rtl_0|dffs[10], lpm_counter:frequency_rtl_0|dffs[11]                                                                                                                                                     ;
;  B  ; LC19       ; clk, lpm_counter:frequency_rtl_0|dffs[1], lpm_counter:frequency_rtl_0|dffs[0], lpm_counter:frequency_rtl_0|dffs[2], lpm_counter:frequency_rtl_0|dffs[3], lpm_counter:frequency_rtl_0|dffs[4]                                                                                                                                                                                                                                ; lpm_counter:frequency_rtl_0|dffs[6], lpm_counter:frequency_rtl_0|dffs[7], lpm_counter:frequency_rtl_0|dffs[8], lpm_counter:frequency_rtl_0|dffs[9], lpm_counter:frequency_rtl_0|dffs[10], lpm_counter:frequency_rtl_0|dffs[11]                                                                                                                                                                                          ;
;  B  ; LC20       ; clk, lpm_counter:frequency_rtl_0|dffs[1], lpm_counter:frequency_rtl_0|dffs[0], lpm_counter:frequency_rtl_0|dffs[2], lpm_counter:frequency_rtl_0|dffs[3], lpm_counter:frequency_rtl_0|dffs[4], lpm_counter:frequency_rtl_0|dffs[5]                                                                                                                                                                                           ; lpm_counter:frequency_rtl_0|dffs[7], lpm_counter:frequency_rtl_0|dffs[8], lpm_counter:frequency_rtl_0|dffs[9], lpm_counter:frequency_rtl_0|dffs[10], lpm_counter:frequency_rtl_0|dffs[11]                                                                                                                                                                                                                               ;
;  B  ; LC22       ; clk, lpm_counter:frequency_rtl_0|dffs[1], lpm_counter:frequency_rtl_0|dffs[0], lpm_counter:frequency_rtl_0|dffs[2], lpm_counter:frequency_rtl_0|dffs[3], lpm_counter:frequency_rtl_0|dffs[4], lpm_counter:frequency_rtl_0|dffs[5], lpm_counter:frequency_rtl_0|dffs[6]                                                                                                                                                      ; lpm_counter:frequency_rtl_0|dffs[8], lpm_counter:frequency_rtl_0|dffs[9], lpm_counter:frequency_rtl_0|dffs[10], lpm_counter:frequency_rtl_0|dffs[11]                                                                                                                                                                                                                                                                    ;
;  B  ; LC31       ; clk, lpm_counter:frequency_rtl_0|dffs[1], lpm_counter:frequency_rtl_0|dffs[0], lpm_counter:frequency_rtl_0|dffs[2], lpm_counter:frequency_rtl_0|dffs[3], lpm_counter:frequency_rtl_0|dffs[4], lpm_counter:frequency_rtl_0|dffs[5], lpm_counter:frequency_rtl_0|dffs[6], lpm_counter:frequency_rtl_0|dffs[7]                                                                                                                 ; lpm_counter:frequency_rtl_0|dffs[9], lpm_counter:frequency_rtl_0|dffs[10], lpm_counter:frequency_rtl_0|dffs[11]                                                                                                                                                                                                                                                                                                         ;
;  B  ; LC28       ; clk, lpm_counter:frequency_rtl_0|dffs[1], lpm_counter:frequency_rtl_0|dffs[0], lpm_counter:frequency_rtl_0|dffs[2], lpm_counter:frequency_rtl_0|dffs[3], lpm_counter:frequency_rtl_0|dffs[4], lpm_counter:frequency_rtl_0|dffs[5], lpm_counter:frequency_rtl_0|dffs[6], lpm_counter:frequency_rtl_0|dffs[7], lpm_counter:frequency_rtl_0|dffs[8]                                                                            ; lpm_counter:frequency_rtl_0|dffs[10], lpm_counter:frequency_rtl_0|dffs[11]                                                                                                                                                                                                                                                                                                                                              ;
;  B  ; LC24       ; clk, lpm_counter:frequency_rtl_0|dffs[1], lpm_counter:frequency_rtl_0|dffs[0], lpm_counter:frequency_rtl_0|dffs[2], lpm_counter:frequency_rtl_0|dffs[3], lpm_counter:frequency_rtl_0|dffs[4], lpm_counter:frequency_rtl_0|dffs[5], lpm_counter:frequency_rtl_0|dffs[6], lpm_counter:frequency_rtl_0|dffs[7], lpm_counter:frequency_rtl_0|dffs[8], lpm_counter:frequency_rtl_0|dffs[9]                                       ; lpm_counter:frequency_rtl_0|dffs[11]                                                                                                                                                                                                                                                                                                                                                                                    ;
;  B  ; LC18       ; clk, lpm_counter:frequency_rtl_0|dffs[1], lpm_counter:frequency_rtl_0|dffs[0], lpm_counter:frequency_rtl_0|dffs[2], lpm_counter:frequency_rtl_0|dffs[3], lpm_counter:frequency_rtl_0|dffs[4], lpm_counter:frequency_rtl_0|dffs[5], lpm_counter:frequency_rtl_0|dffs[6], lpm_counter:frequency_rtl_0|dffs[7], lpm_counter:frequency_rtl_0|dffs[8], lpm_counter:frequency_rtl_0|dffs[9], lpm_counter:frequency_rtl_0|dffs[10] ; way[1]~reg0, way[2]~reg0, way[3]~reg0, seg[1]~reg0, seg[7]~reg0, way[0]~reg0, seg[5]~reg0, seg[0]~reg0, seg[2]~reg0, seg[3]~reg0, seg[4]~reg0                                                                                                                                                                                                                                                                           ;
;  C  ; LC33       ; way[2]~reg0, way[0]~reg0, way[1]~reg0, lpm_counter:frequency_rtl_0|dffs[11]                                                                                                                                                                                                                                                                                                                                                 ; seg[1]                                                                                                                                                                                                                                                                                                                                                                                                                  ;
;  C  ; LC35       ; way[2]~reg0, way[0]~reg0, way[1]~reg0, lpm_counter:frequency_rtl_0|dffs[11]                                                                                                                                                                                                                                                                                                                                                 ; seg[5]                                                                                                                                                                                                                                                                                                                                                                                                                  ;
;  C  ; LC36       ; way[2]~reg0, way[1]~reg0, way[0]~reg0, lpm_counter:frequency_rtl_0|dffs[11]                                                                                                                                                                                                                                                                                                                                                 ; seg[0]                                                                                                                                                                                                                                                                                                                                                                                                                  ;
;  C  ; LC46       ; way[0]~reg0, way[1]~reg0, lpm_counter:frequency_rtl_0|dffs[11]                                                                                                                                                                                                                                                                                                                                                              ; seg[2]                                                                                                                                                                                                                                                                                                                                                                                                                  ;
;  C  ; LC40       ; way[2]~reg0, way[1]~reg0, way[0]~reg0, lpm_counter:frequency_rtl_0|dffs[11]                                                                                                                                                                                                                                                                                                                                                 ; seg[3]                                                                                                                                                                                                                                                                                                                                                                                                                  ;
;  C  ; LC37       ; way[2]~reg0, way[1]~reg0, way[0]~reg0, lpm_counter:frequency_rtl_0|dffs[11]                                                                                                                                                                                                                                                                                                                                                 ; seg[4]                                                                                                                                                                                                                                                                                                                                                                                                                  ;
;  C  ; LC41       ;                                                                                                                                                                                                                                                                                                                                                                                                                             ; seg[6]                                                                                                                                                                                                                                                                                                                                                                                                                  ;
+-----+------------+-----------------------------------------------------------------------------------------------------------------------------------------------------------------------------------------------------------------------------------------------------------------------------------------------------------------------------------------------------------------------------------------------------------------------------+-------------------------------------------------------------------------------------------------------------------------------------------------------------------------------------------------------------------------------------------------------------------------------------------------------------------------------------------------------------------------------------------------------------------------+


+---------------------------------------------------------------+
; Fitter Device Options                                         ;
+----------------------------------------------+----------------+
; Option                                       ; Setting        ;
+----------------------------------------------+----------------+
; Enable user-supplied start-up clock (CLKUSR) ; Off            ;
; Enable device-wide reset (DEV_CLRn)          ; Off            ;
; Enable device-wide output enable (DEV_OE)    ; Off            ;
; Enable INIT_DONE output                      ; Off            ;
; Configuration scheme                         ; Passive Serial ;
; Security bit                                 ; Off            ;
; Base pin-out file on sameframe device        ; Off            ;
+----------------------------------------------+----------------+


+-----------------+
; Fitter Messages ;
+-----------------+
Info: *******************************************************************
Info: Running Quartus II Fitter
    Info: Version 9.1 Build 304 01/25/2010 Service Pack 1 SJ Web Edition
    Info: Processing started: Mon Apr 29 11:50:25 2024
Info: Command: quartus_fit --read_settings_files=off --write_settings_files=off tt -c tt
Info: Selected device EPM3064ALC44-10 for design "tt"
Info: Quartus II Fitter was successful. 0 errors, 0 warnings
    Info: Peak virtual memory: 225 megabytes
    Info: Processing ended: Mon Apr 29 11:50:25 2024
    Info: Elapsed time: 00:00:00
    Info: Total CPU time (on all processors): 00:00:00


